This file contains any messages produced by compilers while
running configure, to aid debugging if configure makes a mistake.

It was created by libdc1394 configure 2.1.0, which was
generated by GNU Autoconf 2.61.  Invocation command line was

  $ ./configure --prefix=/myPython

## --------- ##
## Platform. ##
## --------- ##

hostname = bretts-macbook-pro.local
uname -m = i386
uname -r = 10.4.0
uname -s = Darwin
uname -v = Darwin Kernel Version 10.4.0: Fri Apr 23 18:28:53 PDT 2010; root:xnu-1504.7.4~1/RELEASE_I386

/usr/bin/uname -p = i386
/bin/uname -X     = unknown

/bin/arch              = unknown
/usr/bin/arch -k       = unknown
/usr/convex/getsysinfo = unknown
/usr/bin/hostinfo      = Mach kernel version:
	 Darwin Kernel Version 10.4.0: Fri Apr 23 18:28:53 PDT 2010; root:xnu-1504.7.4~1/RELEASE_I386
Kernel configured for up to 2 processors.
2 processors are physically available.
2 processors are logically available.
Processor type: i486 (Intel 80486)
Processors active: 0 1
Primary memory available: 4.00 gigabytes
Default processor set: 86 tasks, 345 threads, 2 processors
Load average: 0.70, Mach factor: 1.29
/bin/machine           = unknown
/usr/bin/oslevel       = unknown
/bin/universe          = unknown

PATH: /myPython/bin
PATH: /usr/local/bin
PATH: /usr/bin
PATH: /bin
PATH: /usr/sbin
PATH: /sbin
PATH: /usr/local/bin
PATH: /usr/texbin
PATH: /usr/X11/bin


## ----------- ##
## Core tests. ##
## ----------- ##

configure:2079: checking build system type
configure:2097: result: i386-apple-darwin10.4.0
configure:2119: checking host system type
configure:2134: result: i386-apple-darwin10.4.0
configure:2156: checking target system type
configure:2171: result: i386-apple-darwin10.4.0
configure:2631: checking for doxygen
configure:2664: result: no
configure:2688: WARNING: doxygen not found - will not generate any doxygen documentation (requires doxygen package)
configure:2741: checking for perl
configure:2759: found /usr/bin/perl
configure:2771: result: /usr/bin/perl
configure:4549: checking for a BSD-compatible install
configure:4605: result: /usr/bin/install -c
configure:4616: checking whether build environment is sane
configure:4659: result: yes
configure:4687: checking for a thread-safe mkdir -p
configure:4726: result: ./install-sh -c -d
configure:4739: checking for gawk
configure:4769: result: no
configure:4739: checking for mawk
configure:4769: result: no
configure:4739: checking for nawk
configure:4769: result: no
configure:4739: checking for awk
configure:4755: found /usr/bin/awk
configure:4766: result: awk
configure:4777: checking whether make sets $(MAKE)
configure:4798: result: yes
configure:5037: checking for gcc
configure:5053: found /usr/bin/gcc
configure:5064: result: gcc
configure:5302: checking for C compiler version
configure:5309: gcc --version >&5
i686-apple-darwin10-gcc-4.2.1 (GCC) 4.2.1 (Apple Inc. build 5664)
Copyright (C) 2007 Free Software Foundation, Inc.
This is free software; see the source for copying conditions.  There is NO
warranty; not even for MERCHANTABILITY or FITNESS FOR A PARTICULAR PURPOSE.

configure:5312: $? = 0
configure:5319: gcc -v >&5
Using built-in specs.
Target: i686-apple-darwin10
Configured with: /var/tmp/gcc/gcc-5664~38/src/configure --disable-checking --enable-werror --prefix=/usr --mandir=/share/man --enable-languages=c,objc,c++,obj-c++ --program-transform-name=/^[cg][^.-]*$/s/$/-4.2/ --with-slibdir=/usr/lib --build=i686-apple-darwin10 --program-prefix=i686-apple-darwin10- --host=x86_64-apple-darwin10 --target=i686-apple-darwin10 --with-gxx-include-dir=/include/c++/4.2.1
Thread model: posix
gcc version 4.2.1 (Apple Inc. build 5664)
configure:5322: $? = 0
configure:5329: gcc -V >&5
gcc-4.2: argument to `-V' is missing
configure:5332: $? = 1
configure:5355: checking for C compiler default output file name
configure:5382: gcc    conftest.c  >&5
configure:5385: $? = 0
configure:5423: result: a.out
configure:5440: checking whether the C compiler works
configure:5450: ./a.out
configure:5453: $? = 0
configure:5470: result: yes
configure:5477: checking whether we are cross compiling
configure:5479: result: no
configure:5482: checking for suffix of executables
configure:5489: gcc -o conftest    conftest.c  >&5
configure:5492: $? = 0
configure:5516: result: 
configure:5522: checking for suffix of object files
configure:5548: gcc -c   conftest.c >&5
configure:5551: $? = 0
configure:5574: result: o
configure:5578: checking whether we are using the GNU C compiler
configure:5607: gcc -c   conftest.c >&5
configure:5613: $? = 0
configure:5630: result: yes
configure:5635: checking whether gcc accepts -g
configure:5665: gcc -c -g  conftest.c >&5
configure:5671: $? = 0
configure:5770: result: yes
configure:5787: checking for gcc option to accept ISO C89
configure:5861: gcc  -c -g -O2  conftest.c >&5
configure:5867: $? = 0
configure:5890: result: none needed
configure:5919: checking for style of include used by make
configure:5947: result: GNU
configure:5972: checking dependency style of gcc
configure:6063: result: gcc3
configure:6103: checking for a sed that does not truncate output
configure:6182: result: /usr/bin/sed
configure:6200: checking for grep that handles long lines and -e
configure:6274: result: /usr/bin/grep
configure:6279: checking for egrep
configure:6357: result: /usr/bin/grep -E
configure:6362: checking for fgrep
configure:6440: result: /usr/bin/grep -F
configure:6475: checking for ld used by gcc
configure:6542: result: /usr/libexec/gcc/i686-apple-darwin10/4.2.1/ld
configure:6551: checking if the linker (/usr/libexec/gcc/i686-apple-darwin10/4.2.1/ld) is GNU ld
configure:6566: result: no
configure:6578: checking for BSD- or MS-compatible name lister (nm)
configure:6627: result: /usr/bin/nm
configure:6749: checking the name lister (/usr/bin/nm) interface
configure:6756: gcc -c -g -O2  conftest.c >&5
configure:6759: /usr/bin/nm "conftest.o"
configure:6762: output
0000000000000180 D _some_variable
configure:6769: result: BSD nm
configure:6772: checking whether ln -s works
configure:6776: result: yes
configure:6784: checking the maximum length of command line arguments
configure:6904: result: 196608
configure:6921: checking whether the shell understands some XSI constructs
configure:6931: result: yes
configure:6935: checking whether the shell understands "+="
configure:6941: result: yes
configure:6976: checking for /usr/libexec/gcc/i686-apple-darwin10/4.2.1/ld option to reload object files
configure:6983: result: -r
configure:7010: checking how to recognize dependent libraries
configure:7200: result: pass_all
configure:7260: checking for ar
configure:7276: found /usr/bin/ar
configure:7287: result: ar
configure:7369: checking for strip
configure:7385: found /usr/bin/strip
configure:7396: result: strip
configure:7472: checking for ranlib
configure:7488: found /usr/bin/ranlib
configure:7499: result: ranlib
configure:7593: checking command to parse /usr/bin/nm output from gcc object
configure:7711: gcc -c -g -O2  conftest.c >&5
configure:7714: $? = 0
configure:7718: /usr/bin/nm conftest.o \| sed -n -e 's/^.*[	 ]\([BCDEGRST][BCDEGRST]*\)[	 ][	 ]*\([_A-Za-z][_A-Za-z0-9]*\)$/\1 \2 \2/p' \> conftest.nm
configure:7721: $? = 0
cannot find nm_test_var in conftest.nm
configure:7711: gcc -c -g -O2  conftest.c >&5
configure:7714: $? = 0
configure:7718: /usr/bin/nm conftest.o \| sed -n -e 's/^.*[	 ]\([BCDEGRST][BCDEGRST]*\)[	 ][	 ]*_\([_A-Za-z][_A-Za-z0-9]*\)$/\1 _\2 \2/p' \> conftest.nm
configure:7721: $? = 0
configure:7775: gcc -o conftest -g -O2   conftest.c conftstm.o >&5
configure:7778: $? = 0
configure:7816: result: ok
configure:8106: checking for dsymutil
configure:8122: found /usr/bin/dsymutil
configure:8133: result: dsymutil
configure:8202: checking for nmedit
configure:8218: found /usr/bin/nmedit
configure:8229: result: nmedit
configure:8298: checking for lipo
configure:8314: found /usr/bin/lipo
configure:8325: result: lipo
configure:8394: checking for otool
configure:8410: found /usr/bin/otool
configure:8421: result: otool
configure:8490: checking for otool64
configure:8520: result: no
configure:8569: checking for -single_module linker flag
gcc -g -O2  -o libconftest.dylib -dynamiclib -Wl,-single_module conftest.c
configure:8596: result: yes
configure:8598: checking for -exported_symbols_list linker flag
configure:8628: gcc -o conftest -g -O2   -Wl,-exported_symbols_list,conftest.sym conftest.c  >&5
configure:8634: $? = 0
configure:8653: result: yes
configure:8695: checking how to run the C preprocessor
configure:8735: gcc -E  conftest.c
configure:8741: $? = 0
configure:8772: gcc -E  conftest.c
conftest.c:10:28: error: ac_nonexistent.h: No such file or directory
configure:8778: $? = 1
configure: failed program was:
| /* confdefs.h.  */
| #define PACKAGE_NAME "libdc1394"
| #define PACKAGE_TARNAME "libdc1394"
| #define PACKAGE_VERSION "2.1.0"
| #define PACKAGE_STRING "libdc1394 2.1.0"
| #define PACKAGE_BUGREPORT "libdc1394-devel@lists.sf.net"
| #define PACKAGE "libdc1394"
| #define VERSION "2.1.0"
| /* end confdefs.h.  */
| #include <ac_nonexistent.h>
configure:8811: result: gcc -E
configure:8840: gcc -E  conftest.c
configure:8846: $? = 0
configure:8877: gcc -E  conftest.c
conftest.c:10:28: error: ac_nonexistent.h: No such file or directory
configure:8883: $? = 1
configure: failed program was:
| /* confdefs.h.  */
| #define PACKAGE_NAME "libdc1394"
| #define PACKAGE_TARNAME "libdc1394"
| #define PACKAGE_VERSION "2.1.0"
| #define PACKAGE_STRING "libdc1394 2.1.0"
| #define PACKAGE_BUGREPORT "libdc1394-devel@lists.sf.net"
| #define PACKAGE "libdc1394"
| #define VERSION "2.1.0"
| /* end confdefs.h.  */
| #include <ac_nonexistent.h>
configure:8921: checking for ANSI C header files
configure:8951: gcc -c -g -O2  conftest.c >&5
configure:8957: $? = 0
configure:9056: gcc -o conftest -g -O2   conftest.c  >&5
configure:9059: $? = 0
configure:9065: ./conftest
configure:9068: $? = 0
configure:9085: result: yes
configure:9109: checking for sys/types.h
configure:9130: gcc -c -g -O2  conftest.c >&5
configure:9136: $? = 0
configure:9152: result: yes
configure:9109: checking for sys/stat.h
configure:9130: gcc -c -g -O2  conftest.c >&5
configure:9136: $? = 0
configure:9152: result: yes
configure:9109: checking for stdlib.h
configure:9130: gcc -c -g -O2  conftest.c >&5
configure:9136: $? = 0
configure:9152: result: yes
configure:9109: checking for string.h
configure:9130: gcc -c -g -O2  conftest.c >&5
configure:9136: $? = 0
configure:9152: result: yes
configure:9109: checking for memory.h
configure:9130: gcc -c -g -O2  conftest.c >&5
configure:9136: $? = 0
configure:9152: result: yes
configure:9109: checking for strings.h
configure:9130: gcc -c -g -O2  conftest.c >&5
configure:9136: $? = 0
configure:9152: result: yes
configure:9109: checking for inttypes.h
configure:9130: gcc -c -g -O2  conftest.c >&5
configure:9136: $? = 0
configure:9152: result: yes
configure:9109: checking for stdint.h
configure:9130: gcc -c -g -O2  conftest.c >&5
configure:9136: $? = 0
configure:9152: result: yes
configure:9109: checking for unistd.h
configure:9130: gcc -c -g -O2  conftest.c >&5
configure:9136: $? = 0
configure:9152: result: yes
configure:9168: checking for dlfcn.h
configure:9189: gcc -c -g -O2  conftest.c >&5
configure:9195: $? = 0
configure:9211: result: yes
configure:9393: checking for objdir
configure:9408: result: .libs
configure:9700: checking if gcc supports -fno-rtti -fno-exceptions
configure:9718: gcc -c -g -O2  -fno-rtti -fno-exceptions conftest.c >&5
cc1: warning: command line option "-fno-rtti" is valid for C++/ObjC++ but not for C
configure:9722: $? = 0
configure:9735: result: no
configure:9755: checking for gcc option to produce PIC
configure:10012: result: -fno-common -DPIC
configure:10024: checking if gcc PIC flag -fno-common -DPIC works
configure:10042: gcc -c -g -O2  -fno-common -DPIC -DPIC conftest.c >&5
configure:10046: $? = 0
configure:10059: result: yes
configure:10083: checking if gcc static flag -static works
configure:10111: result: no
configure:10126: checking if gcc supports -c -o file.o
configure:10147: gcc -c -g -O2  -o out/conftest2.o conftest.c >&5
configure:10151: $? = 0
configure:10173: result: yes
configure:10181: checking if gcc supports -c -o file.o
configure:10228: result: yes
configure:10261: checking whether the gcc linker (/usr/libexec/gcc/i686-apple-darwin10/4.2.1/ld) supports shared libraries
configure:11315: result: yes
configure:11554: checking dynamic linker characteristics
configure:12233: result: darwin10.4.0 dyld
configure:12335: checking how to hardcode library paths into programs
configure:12360: result: immediate
configure:13173: checking whether stripping libraries is possible
configure:13187: result: yes
configure:13213: checking if libtool supports shared libraries
configure:13215: result: yes
configure:13218: checking whether to build shared libraries
configure:13239: result: yes
configure:13242: checking whether to build static libraries
configure:13246: result: yes
configure:13282: checking whether gcc and cc understand -c and -o together
configure:13317: gcc -c conftest.c -o conftest2.o >&5
configure:13320: $? = 0
configure:13326: gcc -c conftest.c -o conftest2.o >&5
configure:13329: $? = 0
configure:13340: cc -c conftest.c >&5
configure:13343: $? = 0
configure:13351: cc -c conftest.c -o conftest2.o >&5
configure:13354: $? = 0
configure:13360: cc -c conftest.c -o conftest2.o >&5
configure:13363: $? = 0
configure:13381: result: yes
configure:13457: checking for pkg-config
configure:13475: found /usr/local/bin/pkg-config
configure:13487: result: /usr/local/bin/pkg-config
configure:13516: checking pkg-config is at least version 0.9.0
configure:13519: result: yes
configure:13530: checking for C/C++ restrict keyword
configure:13566: gcc -c -g -O2  conftest.c >&5
conftest.c:23: error: expected ';', ',' or ')' before 'ip'
conftest.c: In function 'main':
conftest.c:30: error: nested functions are disabled, use -fnested-functions to re-enable
conftest.c:30: error: expected '=', ',', ';', 'asm' or '__attribute__' before 't'
conftest.c:30: error: 't' undeclared (first use in this function)
conftest.c:30: error: (Each undeclared identifier is reported only once
conftest.c:30: error: for each function it appears in.)
configure:13572: $? = 1
configure: failed program was:
| /* confdefs.h.  */
| #define PACKAGE_NAME "libdc1394"
| #define PACKAGE_TARNAME "libdc1394"
| #define PACKAGE_VERSION "2.1.0"
| #define PACKAGE_STRING "libdc1394 2.1.0"
| #define PACKAGE_BUGREPORT "libdc1394-devel@lists.sf.net"
| #define PACKAGE "libdc1394"
| #define VERSION "2.1.0"
| #define STDC_HEADERS 1
| #define HAVE_SYS_TYPES_H 1
| #define HAVE_SYS_STAT_H 1
| #define HAVE_STDLIB_H 1
| #define HAVE_STRING_H 1
| #define HAVE_MEMORY_H 1
| #define HAVE_STRINGS_H 1
| #define HAVE_INTTYPES_H 1
| #define HAVE_STDINT_H 1
| #define HAVE_UNISTD_H 1
| #define HAVE_DLFCN_H 1
| #define LT_OBJDIR ".libs/"
| /* end confdefs.h.  */
| typedef int * int_ptr;
|         int foo (int_ptr restrict ip) {
|         return ip[0];
|        }
| int
| main ()
| {
| int s[1];
|         int * restrict t = s;
|         t[0] = 0;
|         return foo(t)
|   ;
|   return 0;
| }
configure:13566: gcc -c -g -O2  conftest.c >&5
configure:13572: $? = 0
configure:13590: result: __restrict
configure:13606: checking for pow in -lm
configure:13641: gcc -o conftest -g -O2   conftest.c -lm   >&5
conftest.c:30: warning: conflicting types for built-in function 'pow'
configure:13647: $? = 0
configure:13665: result: yes
configure:13674: checking for LIBUSB
configure:13681: $PKG_CONFIG --exists --print-errors "libusb-1.0"
Package libusb-1.0 was not found in the pkg-config search path.
Perhaps you should add the directory containing `libusb-1.0.pc'
to the PKG_CONFIG_PATH environment variable
No package 'libusb-1.0' found
configure:13684: $? = 1
configure:13697: $PKG_CONFIG --exists --print-errors "libusb-1.0"
Package libusb-1.0 was not found in the pkg-config search path.
Perhaps you should add the directory containing `libusb-1.0.pc'
to the PKG_CONFIG_PATH environment variable
No package 'libusb-1.0' found
configure:13700: $? = 1
No package 'libusb-1.0' found
configure:13727: result: no
configure:13729: WARNING: libusb-1.0 not found
configure:13830: checking for IOMasterPort in -lIOKit
configure:13865: gcc -o conftest -g -O2   conftest.c -lIOKit  -lm  >&5
configure:13871: $? = 0
configure:13889: result: yes
configure:13988: checking for Xv extensions
configure:14015: gcc -c -g -O2  conftest.c >&5
conftest.c: In function 'main':
conftest.c:31: error: nested functions are disabled, use -fnested-functions to re-enable
configure:14021: $? = 1
configure: failed program was:
| /* confdefs.h.  */
| #define PACKAGE_NAME "libdc1394"
| #define PACKAGE_TARNAME "libdc1394"
| #define PACKAGE_VERSION "2.1.0"
| #define PACKAGE_STRING "libdc1394 2.1.0"
| #define PACKAGE_BUGREPORT "libdc1394-devel@lists.sf.net"
| #define PACKAGE "libdc1394"
| #define VERSION "2.1.0"
| #define STDC_HEADERS 1
| #define HAVE_SYS_TYPES_H 1
| #define HAVE_SYS_STAT_H 1
| #define HAVE_STDLIB_H 1
| #define HAVE_STRING_H 1
| #define HAVE_MEMORY_H 1
| #define HAVE_STRINGS_H 1
| #define HAVE_INTTYPES_H 1
| #define HAVE_STDINT_H 1
| #define HAVE_UNISTD_H 1
| #define HAVE_DLFCN_H 1
| #define LT_OBJDIR ".libs/"
| #define restrict __restrict
| #define HAVE_MACOSX
| /* end confdefs.h.  */
| 
|         #include <X11/Xlib.h>
|         #include <X11/extensions/Xvlib.h>
| int
| main ()
| {
| 
|         int main(void) { (void) XvGetPortAttribute(0, 0, 0, 0); return 0; }
| 
|   ;
|   return 0;
| }
configure:14035: result: no
configure:14051: checking for ANSI C header files
configure:14215: result: yes
configure:14235: checking for stdint.h
configure:14241: result: yes
configure:14245: checking fcntl.h usability
configure:14262: gcc -c -g -O2  conftest.c >&5
configure:14268: $? = 0
configure:14282: result: yes
configure:14286: checking fcntl.h presence
configure:14301: gcc -E  conftest.c
configure:14307: $? = 0
configure:14321: result: yes
configure:14354: checking for fcntl.h
configure:14362: result: yes
configure:14245: checking sys/ioctl.h usability
configure:14262: gcc -c -g -O2  conftest.c >&5
configure:14268: $? = 0
configure:14282: result: yes
configure:14286: checking sys/ioctl.h presence
configure:14301: gcc -E  conftest.c
configure:14307: $? = 0
configure:14321: result: yes
configure:14354: checking for sys/ioctl.h
configure:14362: result: yes
configure:14235: checking for unistd.h
configure:14241: result: yes
configure:14245: checking sys/mman.h usability
configure:14262: gcc -c -g -O2  conftest.c >&5
configure:14268: $? = 0
configure:14282: result: yes
configure:14286: checking sys/mman.h presence
configure:14301: gcc -E  conftest.c
configure:14307: $? = 0
configure:14321: result: yes
configure:14354: checking for sys/mman.h
configure:14362: result: yes
configure:14245: checking netinet/in.h usability
configure:14262: gcc -c -g -O2  conftest.c >&5
configure:14268: $? = 0
configure:14282: result: yes
configure:14286: checking netinet/in.h presence
configure:14301: gcc -E  conftest.c
configure:14307: $? = 0
configure:14321: result: yes
configure:14354: checking for netinet/in.h
configure:14362: result: yes
configure:14375: checking for X
configure:14490: gcc -E  conftest.c
configure:14496: $? = 0
configure:14545: gcc -o conftest -g -O2   conftest.c -lX11 -lm  >&5
ld: library not found for -lX11
collect2: ld returned 1 exit status
configure:14551: $? = 1
configure: failed program was:
| /* confdefs.h.  */
| #define PACKAGE_NAME "libdc1394"
| #define PACKAGE_TARNAME "libdc1394"
| #define PACKAGE_VERSION "2.1.0"
| #define PACKAGE_STRING "libdc1394 2.1.0"
| #define PACKAGE_BUGREPORT "libdc1394-devel@lists.sf.net"
| #define PACKAGE "libdc1394"
| #define VERSION "2.1.0"
| #define STDC_HEADERS 1
| #define HAVE_SYS_TYPES_H 1
| #define HAVE_SYS_STAT_H 1
| #define HAVE_STDLIB_H 1
| #define HAVE_STRING_H 1
| #define HAVE_MEMORY_H 1
| #define HAVE_STRINGS_H 1
| #define HAVE_INTTYPES_H 1
| #define HAVE_STDINT_H 1
| #define HAVE_UNISTD_H 1
| #define HAVE_DLFCN_H 1
| #define LT_OBJDIR ".libs/"
| #define restrict __restrict
| #define HAVE_MACOSX
| #define STDC_HEADERS 1
| #define HAVE_STDINT_H 1
| #define HAVE_FCNTL_H 1
| #define HAVE_SYS_IOCTL_H 1
| #define HAVE_UNISTD_H 1
| #define HAVE_SYS_MMAN_H 1
| #define HAVE_NETINET_IN_H 1
| /* end confdefs.h.  */
| #include <X11/Xlib.h>
| int
| main ()
| {
| XrmInitialize ()
|   ;
|   return 0;
| }
configure:14610: result: libraries /usr/X11/lib, headers 
configure:14632: checking whether -R must be followed by a space
configure:14658: gcc -o conftest -g -O2   conftest.c -lm  -R/usr/X11/lib >&5
configure:14664: $? = 0
configure:14670: result: no
configure:14771: gcc -o conftest -g -O2   conftest.c -lm   -L/usr/X11/lib -R/usr/X11/lib -lX11 >&5
configure:14777: $? = 0
configure:14934: checking for gethostbyname
configure:14990: gcc -o conftest -g -O2   conftest.c -lm  >&5
configure:14996: $? = 0
configure:15013: result: yes
configure:15158: checking for connect
configure:15214: gcc -o conftest -g -O2   conftest.c -lm  >&5
configure:15220: $? = 0
configure:15237: result: yes
configure:15309: checking for remove
configure:15365: gcc -o conftest -g -O2   conftest.c -lm  >&5
configure:15371: $? = 0
configure:15388: result: yes
configure:15460: checking for shmat
configure:15516: gcc -o conftest -g -O2   conftest.c -lm  >&5
configure:15522: $? = 0
configure:15539: result: yes
configure:15620: checking for IceConnectionNumber in -lICE
configure:15655: gcc -o conftest -g -O2   -L/usr/X11/lib conftest.c -lICE  -lm  >&5
configure:15661: $? = 0
configure:15679: result: yes
configure:15690: checking for size_t
configure:15720: gcc -c -g -O2  conftest.c >&5
configure:15726: $? = 0
configure:15741: result: yes
configure:15760: checking for stdlib.h
configure:15766: result: yes
configure:15760: checking for unistd.h
configure:15766: result: yes
configure:15904: checking for getpagesize
configure:15960: gcc -o conftest -g -O2   conftest.c -lm  >&5
configure:15966: $? = 0
configure:15984: result: yes
configure:15994: checking for working mmap
configure:16141: gcc -o conftest -g -O2   conftest.c -lm  >&5
configure:16144: $? = 0
configure:16150: ./conftest
configure:16153: $? = 0
configure:16169: result: yes
configure:16513: creating ./config.status

## ---------------------- ##
## Running config.status. ##
## ---------------------- ##

This file was extended by libdc1394 config.status 2.1.0, which was
generated by GNU Autoconf 2.61.  Invocation command line was

  CONFIG_FILES    = 
  CONFIG_HEADERS  = 
  CONFIG_LINKS    = 
  CONFIG_COMMANDS = 
  $ ./config.status 

on bretts-macbook-pro.local

config.status:938: creating Makefile
config.status:938: creating libdc1394-2.pc
config.status:938: creating dc1394/Makefile
config.status:938: creating dc1394/linux/Makefile
config.status:938: creating dc1394/juju/Makefile
config.status:938: creating dc1394/macosx/Makefile
config.status:938: creating dc1394/msw/Makefile
config.status:938: creating dc1394/usb/Makefile
config.status:938: creating dc1394/vendor/Makefile
config.status:938: creating examples/Makefile
config.status:938: creating config.h
config.status:1225: executing depfiles commands
config.status:1225: executing libtool commands

## ---------------- ##
## Cache variables. ##
## ---------------- ##

ac_cv_build=i386-apple-darwin10.4.0
ac_cv_c_compiler_gnu=yes
ac_cv_c_restrict=__restrict
ac_cv_env_CC_set=
ac_cv_env_CC_value=
ac_cv_env_CFLAGS_set=
ac_cv_env_CFLAGS_value=
ac_cv_env_CPPFLAGS_set=
ac_cv_env_CPPFLAGS_value=
ac_cv_env_CPP_set=
ac_cv_env_CPP_value=
ac_cv_env_DOXYGEN_PAPER_SIZE_set=
ac_cv_env_DOXYGEN_PAPER_SIZE_value=
ac_cv_env_LDFLAGS_set=
ac_cv_env_LDFLAGS_value=
ac_cv_env_LIBS_set=
ac_cv_env_LIBS_value=
ac_cv_env_LIBUSB_CFLAGS_set=
ac_cv_env_LIBUSB_CFLAGS_value=
ac_cv_env_LIBUSB_LIBS_set=
ac_cv_env_LIBUSB_LIBS_value=
ac_cv_env_PKG_CONFIG_set=
ac_cv_env_PKG_CONFIG_value=
ac_cv_env_XMKMF_set=
ac_cv_env_XMKMF_value=
ac_cv_env_build_alias_set=
ac_cv_env_build_alias_value=
ac_cv_env_host_alias_set=
ac_cv_env_host_alias_value=
ac_cv_env_target_alias_set=
ac_cv_env_target_alias_value=
ac_cv_func_connect=yes
ac_cv_func_gethostbyname=yes
ac_cv_func_getpagesize=yes
ac_cv_func_mmap_fixed_mapped=yes
ac_cv_func_remove=yes
ac_cv_func_shmat=yes
ac_cv_have_x='have_x=yes	ac_x_includes='\'''\''	ac_x_libraries='\''/usr/X11/lib'\'''
ac_cv_header_dlfcn_h=yes
ac_cv_header_fcntl_h=yes
ac_cv_header_inttypes_h=yes
ac_cv_header_memory_h=yes
ac_cv_header_netinet_in_h=yes
ac_cv_header_stdc=yes
ac_cv_header_stdint_h=yes
ac_cv_header_stdlib_h=yes
ac_cv_header_string_h=yes
ac_cv_header_strings_h=yes
ac_cv_header_sys_ioctl_h=yes
ac_cv_header_sys_mman_h=yes
ac_cv_header_sys_stat_h=yes
ac_cv_header_sys_types_h=yes
ac_cv_header_unistd_h=yes
ac_cv_host=i386-apple-darwin10.4.0
ac_cv_lib_ICE_IceConnectionNumber=yes
ac_cv_lib_IOKit_IOMasterPort=yes
ac_cv_lib_m_pow=yes
ac_cv_objext=o
ac_cv_path_EGREP='/usr/bin/grep -E'
ac_cv_path_FGREP='/usr/bin/grep -F'
ac_cv_path_GREP=/usr/bin/grep
ac_cv_path_SED=/usr/bin/sed
ac_cv_path_ac_pt_DX_PERL=/usr/bin/perl
ac_cv_path_ac_pt_PKG_CONFIG=/usr/local/bin/pkg-config
ac_cv_path_install='/usr/bin/install -c'
ac_cv_prog_AWK=awk
ac_cv_prog_CPP='gcc -E'
ac_cv_prog_ac_ct_AR=ar
ac_cv_prog_ac_ct_CC=gcc
ac_cv_prog_ac_ct_DSYMUTIL=dsymutil
ac_cv_prog_ac_ct_LIPO=lipo
ac_cv_prog_ac_ct_NMEDIT=nmedit
ac_cv_prog_ac_ct_OTOOL=otool
ac_cv_prog_ac_ct_RANLIB=ranlib
ac_cv_prog_ac_ct_STRIP=strip
ac_cv_prog_cc_c89=
ac_cv_prog_cc_g=yes
ac_cv_prog_cc_gcc_c_o=yes
ac_cv_prog_make_make_set=yes
ac_cv_target=i386-apple-darwin10.4.0
ac_cv_type_size_t=yes
am_cv_CC_dependencies_compiler_type=gcc3
lt_cv_apple_cc_single_mod=yes
lt_cv_deplibs_check_method=pass_all
lt_cv_file_magic_cmd='$MAGIC_CMD'
lt_cv_file_magic_test_file=
lt_cv_ld_exported_symbols_list=yes
lt_cv_ld_reload_flag=-r
lt_cv_nm_interface='BSD nm'
lt_cv_objdir=.libs
lt_cv_path_LD=/usr/libexec/gcc/i686-apple-darwin10/4.2.1/ld
lt_cv_path_NM=/usr/bin/nm
lt_cv_prog_compiler_c_o=yes
lt_cv_prog_compiler_pic_works=yes
lt_cv_prog_compiler_rtti_exceptions=no
lt_cv_prog_compiler_static_works=no
lt_cv_prog_gnu_ld=no
lt_cv_sys_global_symbol_pipe='sed -n -e '\''s/^.*[	 ]\([BCDEGRST][BCDEGRST]*\)[	 ][	 ]*_\([_A-Za-z][_A-Za-z0-9]*\)$/\1 _\2 \2/p'\'''
lt_cv_sys_global_symbol_to_c_name_address='sed -n -e '\''s/^: \([^ ]*\) $/  {\"\1\", (void *) 0},/p'\'' -e '\''s/^[BCDEGRST]* \([^ ]*\) \([^ ]*\)$/  {"\2", (void *) \&\2},/p'\'''
lt_cv_sys_global_symbol_to_c_name_address_lib_prefix='sed -n -e '\''s/^: \([^ ]*\) $/  {\"\1\", (void *) 0},/p'\'' -e '\''s/^[BCDEGRST]* \([^ ]*\) \(lib[^ ]*\)$/  {"\2", (void *) \&\2},/p'\'' -e '\''s/^[BCDEGRST]* \([^ ]*\) \([^ ]*\)$/  {"lib\2", (void *) \&\2},/p'\'''
lt_cv_sys_global_symbol_to_cdecl='sed -n -e '\''s/^T .* \(.*\)$/extern int \1();/p'\'' -e '\''s/^[BCDEGRST]* .* \(.*\)$/extern char \1;/p'\'''
lt_cv_sys_max_cmd_len=196608

## ----------------- ##
## Output variables. ##
## ----------------- ##

ACLOCAL='${SHELL} /myPython/src/libdc1394/missing --run aclocal-1.10'
AMDEPBACKSLASH='\'
AMDEP_FALSE='#'
AMDEP_TRUE=''
AMTAR='${SHELL} /myPython/src/libdc1394/missing --run tar'
AR='ar'
AS=''
AUTOCONF='${SHELL} /myPython/src/libdc1394/missing --run autoconf'
AUTOHEADER='${SHELL} /myPython/src/libdc1394/missing --run autoheader'
AUTOMAKE='${SHELL} /myPython/src/libdc1394/missing --run automake-1.10'
AWK='awk'
CC='gcc'
CCDEPMODE='depmode=gcc3'
CFLAGS='-Wall -Wunused -std=gnu99 -g -O2'
CPP='gcc -E'
CPPFLAGS=''
CYGPATH_W='echo'
DEFS='-DHAVE_CONFIG_H'
DEPDIR='.deps'
DLLTOOL=''
DOXYGEN_PAPER_SIZE=''
DSYMUTIL='dsymutil'
DUMPBIN=''
DX_COND_chi_FALSE=''
DX_COND_chi_TRUE='#'
DX_COND_chm_FALSE=''
DX_COND_chm_TRUE='#'
DX_COND_doc_FALSE=''
DX_COND_doc_TRUE='#'
DX_COND_dot_FALSE=''
DX_COND_dot_TRUE='#'
DX_COND_html_FALSE=''
DX_COND_html_TRUE='#'
DX_COND_latex_FALSE=''
DX_COND_latex_TRUE='#'
DX_COND_man_FALSE=''
DX_COND_man_TRUE='#'
DX_COND_pdf_FALSE=''
DX_COND_pdf_TRUE='#'
DX_COND_ps_FALSE=''
DX_COND_ps_TRUE='#'
DX_COND_rtf_FALSE=''
DX_COND_rtf_TRUE='#'
DX_COND_xml_FALSE=''
DX_COND_xml_TRUE='#'
DX_CONFIG='Doxyfile.in'
DX_DOCDIR='doc'
DX_DOT=''
DX_DOXYGEN=''
DX_DVIPS=''
DX_EGREP=''
DX_ENV=' SRCDIR='\''.'\'' PROJECT='\''libdc1394'\'' DOCDIR='\''doc'\'' VERSION='\''2.1.0'\'' HAVE_DOT='\''NO'\'' GENERATE_MAN='\''NO'\'' GENERATE_RTF='\''NO'\'' GENERATE_XML='\''NO'\'' GENERATE_HTMLHELP='\''NO'\'' GENERATE_CHI='\''NO'\'' GENERATE_HTML='\''NO'\'' GENERATE_LATEX='\''NO'\'''
DX_FLAG_chi='0'
DX_FLAG_chm='0'
DX_FLAG_doc='0'
DX_FLAG_dot='0'
DX_FLAG_html='0'
DX_FLAG_man='0'
DX_FLAG_pdf='0'
DX_FLAG_ps='0'
DX_FLAG_rtf='0'
DX_FLAG_xml='0'
DX_HHC=''
DX_LATEX=''
DX_MAKEINDEX=''
DX_PDFLATEX=''
DX_PERL='/usr/bin/perl'
DX_PROJECT='libdc1394'
ECHO_C='ECHO_N=''
ECHO_T=''
EGREP='/usr/bin/grep -E'
EXEEXT=''
FGREP='/usr/bin/grep -F'
GREP='/usr/bin/grep'
HAVE_LIBRAW1394_FALSE=''
HAVE_LIBRAW1394_TRUE='#'
HAVE_LIBUSB_FALSE=''
HAVE_LIBUSB_TRUE='#'
HAVE_LINUX_FALSE=''
HAVE_LINUX_TRUE='#'
HAVE_MACOSX_FALSE='#'
HAVE_MACOSX_TRUE=''
HAVE_WINDOWS_FALSE=''
HAVE_WINDOWS_TRUE='#'
HAVE_XV_FALSE=''
HAVE_XV_TRUE='#'
INSTALL_DATA='${INSTALL} -m 644'
INSTALL_PROGRAM='${INSTALL}'
INSTALL_SCRIPT='${INSTALL}'
INSTALL_STRIP_PROGRAM='$(install_sh) -c -s'
LD='/usr/libexec/gcc/i686-apple-darwin10/4.2.1/ld'
LDFLAGS=''
LIBOBJS=''
LIBS='-lm '
LIBTOOL='$(SHELL) $(top_builddir)/libtool'
LIBUSB_CFLAGS=''
LIBUSB_LIBS=''
LIPO='lipo'
LN_S='ln -s'
LTLIBOBJS=''
MAKEINFO='${SHELL} /myPython/src/libdc1394/missing --run makeinfo'
MAKE_EXAMPLES_FALSE='#'
MAKE_EXAMPLES_TRUE=''
NM='/usr/bin/nm'
NMEDIT='nmedit'
OBJDUMP=''
OBJEXT='o'
OTOOL64=':'
OTOOL='otool'
PACKAGE='libdc1394'
PACKAGE_BUGREPORT='libdc1394-devel@lists.sf.net'
PACKAGE_NAME='libdc1394'
PACKAGE_STRING='libdc1394 2.1.0'
PACKAGE_TARNAME='libdc1394'
PACKAGE_VERSION='2.1.0'
PATH_SEPARATOR=':'
PKG_CONFIG='/usr/local/bin/pkg-config'
RANLIB='ranlib'
SED='/usr/bin/sed'
SET_MAKE=''
SHELL='/bin/sh'
STRIP='strip'
VERSION='2.1.0'
WINDDK=''
XMKMF=''
XV_CFLAGS=''
XV_LIBS=''
X_CFLAGS=''
X_EXTRA_LIBS=''
X_LIBS=' -L/usr/X11/lib -R/usr/X11/lib'
X_PRE_LIBS=' -lSM -lICE'
ac_ct_CC='gcc'
ac_ct_DUMPBIN=''
am__fastdepCC_FALSE='#'
am__fastdepCC_TRUE=''
am__include='include'
am__isrc=''
am__leading_dot='.'
am__quote=''
am__tar='${AMTAR} chof - "$$tardir"'
am__untar='${AMTAR} xf -'
bindir='${exec_prefix}/bin'
build='i386-apple-darwin10.4.0'
build_alias=''
build_cpu='i386'
build_os='darwin10.4.0'
build_vendor='apple'
datadir='${datarootdir}'
datarootdir='${prefix}/share'
docdir='${datarootdir}/doc/${PACKAGE_TARNAME}'
dvidir='${docdir}'
exec_prefix='${prefix}'
host='i386-apple-darwin10.4.0'
host_alias=''
host_cpu='i386'
host_os='darwin10.4.0'
host_vendor='apple'
htmldir='${docdir}'
includedir='${prefix}/include'
infodir='${datarootdir}/info'
install_sh='$(SHELL) /myPython/src/libdc1394/install-sh'
libdir='${exec_prefix}/lib'
libexecdir='${exec_prefix}/libexec'
localedir='${datarootdir}/locale'
localstatedir='${prefix}/var'
lt_ECHO='/bin/echo'
lt_age='1'
lt_current='23'
lt_revision='2'
mandir='${datarootdir}/man'
mkdir_p='$(top_builddir)/./install-sh -c -d'
oldincludedir='/usr/include'
pdfdir='${docdir}'
pkgincludedir='$(includedir)/dc1394'
platform_LDFLAGS=''
prefix='/myPython'
program_transform_name='s,x,x,'
psdir='${docdir}'
sbindir='${exec_prefix}/sbin'
sharedstatedir='${prefix}/com'
sysconfdir='${prefix}/etc'
target='i386-apple-darwin10.4.0'
target_alias=''
target_cpu='i386'
target_os='darwin10.4.0'
target_vendor='apple'

## ----------- ##
## confdefs.h. ##
## ----------- ##

#define PACKAGE_NAME "libdc1394"
#define PACKAGE_TARNAME "libdc1394"
#define PACKAGE_VERSION "2.1.0"
#define PACKAGE_STRING "libdc1394 2.1.0"
#define PACKAGE_BUGREPORT "libdc1394-devel@lists.sf.net"
#define PACKAGE "libdc1394"
#define VERSION "2.1.0"
#define STDC_HEADERS 1
#define HAVE_SYS_TYPES_H 1
#define HAVE_SYS_STAT_H 1
#define HAVE_STDLIB_H 1
#define HAVE_STRING_H 1
#define HAVE_MEMORY_H 1
#define HAVE_STRINGS_H 1
#define HAVE_INTTYPES_H 1
#define HAVE_STDINT_H 1
#define HAVE_UNISTD_H 1
#define HAVE_DLFCN_H 1
#define LT_OBJDIR ".libs/"
#define restrict __restrict
#define HAVE_MACOSX
#define STDC_HEADERS 1
#define HAVE_STDINT_H 1
#define HAVE_FCNTL_H 1
#define HAVE_SYS_IOCTL_H 1
#define HAVE_UNISTD_H 1
#define HAVE_SYS_MMAN_H 1
#define HAVE_NETINET_IN_H 1
#define HAVE_STDLIB_H 1
#define HAVE_UNISTD_H 1
#define HAVE_GETPAGESIZE 1
#define HAVE_MMAP 1

configure: exit 0
